\BOOKMARK [1][-]{section.1}{\376\377\000B\000a\000s\000i\000c}{}% 1
\BOOKMARK [2][-]{subsection.1.1}{\376\377\000c\000r\000e\000a\000t\000e\000F\000i\000l\000e}{section.1}% 2
\BOOKMARK [2][-]{subsection.1.2}{\376\377\000r\000u\000n}{section.1}% 3
\BOOKMARK [2][-]{subsection.1.3}{\376\377\000t\000e\000m}{section.1}% 4
\BOOKMARK [2][-]{subsection.1.4}{\376\377\000d\000e\000b\000u\000g\000\040\000[\000c\000a\0007\000e\000b\0005\000]}{section.1}% 5
\BOOKMARK [2][-]{subsection.1.5}{\376\377\000r\000u\000n\000.\000b\000a\000t}{section.1}% 6
\BOOKMARK [2][-]{subsection.1.6}{\376\377\000r\000a\000n\000d\000o\000m}{section.1}% 7
\BOOKMARK [2][-]{subsection.1.7}{\376\377\000T\000e\000m\000p\000l\000e\000H\000a\000s\000h}{section.1}% 8
\BOOKMARK [1][-]{section.2}{\376\377\000M\000i\000s\000c}{}% 9
\BOOKMARK [2][-]{subsection.2.1}{\376\377\000F\000a\000s\000t\000I\000O}{section.2}% 10
\BOOKMARK [2][-]{subsection.2.2}{\376\377\000s\000t\000r\000e\000s\000s\000.\000s\000h}{section.2}% 11
\BOOKMARK [2][-]{subsection.2.3}{\376\377\000s\000t\000r\000e\000s\000s\000.\000b\000a\000t}{section.2}% 12
\BOOKMARK [2][-]{subsection.2.4}{\376\377\000T\000i\000m\000e\000r}{section.2}% 13
\BOOKMARK [2][-]{subsection.2.5}{\376\377\000M\000i\000n\000P\000l\000u\000s\000C\000o\000n\000v\000o\000l\000u\000t\000i\000o\000n\000\040\000[\000a\0003\000e\0007\0008\000d\000]}{section.2}% 14
\BOOKMARK [2][-]{subsection.2.6}{\376\377\000F\000r\000a\000c\000t\000i\000o\000n\000S\000e\000a\000r\000c\000h\000\040\000[\000b\000e\0005\0006\000a\0001\000]}{section.2}% 15
\BOOKMARK [2][-]{subsection.2.7}{\376\377\000M\000o\000n\000t\000g\000o\000m\000e\000r\000y\000\040\000[\0005\0002\0005\000d\0001\000f\000]}{section.2}% 16
\BOOKMARK [2][-]{subsection.2.8}{\376\377\000P\000y\000T\000r\000i\000c\000k}{section.2}% 17
\BOOKMARK [1][-]{section.3}{\376\377\000D\000a\000t\000a\000\040\000S\000t\000r\000u\000c\000t\000u\000r\000e}{}% 18
\BOOKMARK [2][-]{subsection.3.1}{\376\377\000F\000e\000n\000w\000i\000c\000k\000\040\000T\000r\000e\000e\000\040\000[\0006\0008\0003\0007\000c\000b\000]}{section.3}% 19
\BOOKMARK [2][-]{subsection.3.2}{\376\377\000L\000i\000\040\000C\000h\000a\000o\000\040\000[\000d\0001\0008\000b\000f\0000\000]}{section.3}% 20
\BOOKMARK [2][-]{subsection.3.3}{\376\377\000P\000B\000D\000S\000\040\000[\000e\0009\0006\000d\0001\0001\000]}{section.3}% 21
\BOOKMARK [2][-]{subsection.3.4}{\376\377\000O\000D\000T\000\040\000[\0000\000e\000d\0008\0000\0006\000]}{section.3}% 22
\BOOKMARK [2][-]{subsection.3.5}{\376\377\000S\000p\000a\000r\000s\000e\000\040\000T\000a\000b\000l\000e\000\040\000[\0009\000d\000b\0007\0007\0002\000]}{section.3}% 23
\BOOKMARK [2][-]{subsection.3.6}{\376\377\000S\000p\000l\000a\000y\000\040\000[\0006\0005\0000\0001\0001\0000\000]}{section.3}% 24
\BOOKMARK [2][-]{subsection.3.7}{\376\377\000T\000r\000e\000a\000p\000\040\000[\000b\0006\000b\0002\0002\0007\000]}{section.3}% 25
\BOOKMARK [1][-]{section.4}{\376\377\000M\000a\000t\000c\000h\000i\000n\000g\000\040\000a\000n\000d\000\040\000F\000l\000o\000w}{}% 26
\BOOKMARK [2][-]{subsection.4.1}{\376\377\000D\000i\000n\000i\000c\000\040\000[\000f\0004\000f\0003\000b\000b\000]}{section.4}% 27
\BOOKMARK [2][-]{subsection.4.2}{\376\377\000G\000e\000n\000e\000r\000a\000l\000\040\000M\000a\000t\000c\000h\000i\000n\000g\000\040\000[\000c\0004\000d\000f\0003\000f\000]}{section.4}% 28
\BOOKMARK [2][-]{subsection.4.3}{\376\377\000K\000M\000\040\000[\0008\000a\000a\0005\0006\0000\000]}{section.4}% 29
\BOOKMARK [2][-]{subsection.4.4}{\376\377\000H\000o\000p\000c\000r\000o\000f\000t\000K\000a\000r\000p\000\040\000[\000a\0007\0006\0000\000e\000e\000]}{section.4}% 30
\BOOKMARK [2][-]{subsection.4.5}{\376\377\000M\000C\000M\000F\000\040\000[\000f\000f\000a\0008\0007\0005\000]}{section.4}% 31
\BOOKMARK [2][-]{subsection.4.6}{\376\377\000M\000o\000d\000e\000l}{section.4}% 32
\BOOKMARK [1][-]{section.5}{\376\377\000G\000e\000o\000m\000e\000t\000r\000y}{}% 33
\BOOKMARK [2][-]{subsection.5.1}{\376\377\000P\000o\000i\000n\000t\000\040\000[\000a\000a\0002\0006\000d\0008\000]}{section.5}% 34
\BOOKMARK [2][-]{subsection.5.2}{\376\377\000L\000i\000n\000e\000\040\000[\0004\0005\000e\000c\0008\000b\000]}{section.5}% 35
\BOOKMARK [2][-]{subsection.5.3}{\376\377\000C\000i\000r\000c\000l\000e\000\040\000[\0005\0005\000c\000f\0001\0009\000]}{section.5}% 36
\BOOKMARK [2][-]{subsection.5.4}{\376\377\000P\000o\000i\000n\000t\000\040\000t\000o\000\040\000S\000e\000g\000m\000e\000n\000t\000\040\000D\000i\000s\000t\000a\000n\000c\000e\000\040\000[\0000\000c\0000\0007\000f\000c\000]}{section.5}% 37
\BOOKMARK [2][-]{subsection.5.5}{\376\377\000P\000o\000i\000n\000t\000\040\000I\000n\000\040\000P\000o\000l\000y\000g\000o\000n\000\040\000[\000a\000e\0007\0006\0004\000a\000]}{section.5}% 38
\BOOKMARK [2][-]{subsection.5.6}{\376\377\000I\000n\000t\000e\000r\000s\000e\000c\000t\000i\000o\000n\000\040\000o\000f\000\040\000L\000i\000n\000e\000\040\000[\0003\0001\0004\0001\0005\000c\000]}{section.5}% 39
\BOOKMARK [2][-]{subsection.5.7}{\376\377\000I\000n\000t\000e\000r\000s\000e\000c\000t\000i\000o\000n\000\040\000o\000f\000\040\000C\000i\000r\000c\000l\000e\000s\000\040\000[\0003\000c\0000\0000\000f\0003\000]}{section.5}% 40
\BOOKMARK [2][-]{subsection.5.8}{\376\377\000I\000n\000t\000e\000r\000s\000e\000c\000t\000i\000o\000n\000\040\000o\000f\000\040\000C\000i\000r\000c\000l\000e\000\040\000a\000n\000d\000\040\000L\000i\000n\000e\000\040\000[\000a\0005\0003\000f\0003\000c\000]}{section.5}% 41
\BOOKMARK [2][-]{subsection.5.9}{\376\377\000A\000r\000e\000a\000\040\000o\000f\000\040\000C\000i\000r\000c\000l\000e\000\040\000P\000o\000l\000y\000g\000o\000n\000\040\000[\0006\0007\0008\0003\000c\0006\000]}{section.5}% 42
\BOOKMARK [2][-]{subsection.5.10}{\376\377\000C\000o\000n\000v\000e\000x\000\040\000H\000u\000l\000l\000\040\000[\000d\0005\0006\000d\0003\0009\000]}{section.5}% 43
\BOOKMARK [2][-]{subsection.5.11}{\376\377\000C\000o\000n\000v\000e\000x\000\040\000T\000r\000i\000c\000k\000\040\000[\0009\0002\000a\000c\0008\0009\000]}{section.5}% 44
\BOOKMARK [2][-]{subsection.5.12}{\376\377\000H\000a\000l\000f\000\040\000P\000l\000a\000n\000e\000\040\000I\000n\000t\000e\000r\000s\000e\000c\000t\000i\000o\000n\000\040\000[\000b\0009\0001\0003\000b\0006\000]}{section.5}% 45
\BOOKMARK [2][-]{subsection.5.13}{\376\377\000M\000i\000n\000i\000m\000a\000l\000\040\000E\000n\000c\000l\000o\000s\000i\000n\000g\000\040\000C\000i\000r\000c\000l\000e\000\040\000[\000a\0000\0005\000b\000c\0004\000]}{section.5}% 46
\BOOKMARK [2][-]{subsection.5.14}{\376\377\000M\000i\000n\000k\000o\000w\000s\000k\000i\000\040\000[\000e\0009\0000\0002\0000\0006\000]}{section.5}% 47
\BOOKMARK [2][-]{subsection.5.15}{\376\377\000P\000o\000i\000n\000t\000\040\000I\000n\000\040\000C\000i\000r\000c\000u\000m\000c\000i\000r\000c\000l\000e\000\040\000[\000f\0004\0009\0009\000c\0007\000]}{section.5}% 48
\BOOKMARK [2][-]{subsection.5.16}{\376\377\000T\000a\000n\000g\000e\000n\000t\000\040\000L\000i\000n\000e\000s\000\040\000o\000f\000\040\000C\000i\000r\000c\000l\000e\000\040\000f\000r\000o\000m\000\040\000P\000o\000i\000n\000t\000\040\000[\000b\000e\000b\000e\000d\000d\000]}{section.5}% 49
\BOOKMARK [2][-]{subsection.5.17}{\376\377\000T\000a\000n\000g\000e\000n\000t\000\040\000L\000i\000n\000e\000s\000\040\000o\000f\000\040\000C\000i\000r\000c\000l\000e\000s\000\040\000[\000f\000d\0003\0004\000e\0008\000]}{section.5}% 50
\BOOKMARK [2][-]{subsection.5.18}{\376\377\000T\000r\000i\000a\000n\000g\000l\000e\000\040\000C\000e\000n\000t\000e\000r\000\040\000[\0000\0008\0005\000b\0008\000e\000]}{section.5}% 51
\BOOKMARK [2][-]{subsection.5.19}{\376\377\000U\000n\000i\000o\000n\000\040\000o\000f\000\040\000C\000i\000r\000c\000l\000e\000s\000\040\000[\000f\0002\0009\0000\0004\0009\000]}{section.5}% 52
\BOOKMARK [1][-]{section.6}{\376\377\000G\000r\000a\000p\000h}{}% 53
\BOOKMARK [2][-]{subsection.6.1}{\376\377\000B\000l\000o\000c\000k\000\040\000C\000u\000t\000\040\000T\000r\000e\000e\000\040\000[\000c\0008\000a\000e\000f\0001\000]}{section.6}% 54
\BOOKMARK [2][-]{subsection.6.2}{\376\377\000C\000o\000u\000n\000t\000\040\000C\000y\000c\000l\000e\000s\000\040\000[\000a\0000\0007\0005\0004\000a\000]}{section.6}% 55
\BOOKMARK [2][-]{subsection.6.3}{\376\377\000D\000o\000m\000i\000n\000a\000t\000o\000r\000\040\000T\000r\000e\000e\000\040\000[\0004\000b\0008\0008\0003\0005\000]}{section.6}% 56
\BOOKMARK [2][-]{subsection.6.4}{\376\377\000E\000n\000u\000m\000e\000r\000a\000t\000e\000\040\000P\000l\000a\000n\000a\000r\000\040\000F\000a\000c\000e\000\040\000[\0001\0000\000d\000c\0009\000a\000]}{section.6}% 57
\BOOKMARK [2][-]{subsection.6.5}{\376\377\000M\000a\000n\000h\000a\000t\000t\000a\000n\000\040\000M\000S\000T\000\040\000[\0009\0008\0002\0008\0000\000c\000]}{section.6}% 58
\BOOKMARK [2][-]{subsection.6.6}{\376\377\000M\000a\000t\000r\000o\000i\000d\000\040\000I\000n\000t\000e\000r\000s\000e\000c\000t\000i\000o\000n\000\040\000[\000c\0003\000d\0004\0001\0002\000]}{section.6}% 59
\BOOKMARK [2][-]{subsection.6.7}{\376\377\000M\000a\000x\000i\000m\000u\000m\000\040\000C\000l\000i\000q\000u\000e\000\040\000[\0003\000c\000a\0000\0004\0004\000]}{section.6}% 60
\BOOKMARK [2][-]{subsection.6.8}{\376\377\000T\000r\000e\000e\000\040\000H\000a\000s\000h\000\040\000[\000a\000f\0000\000b\0008\0002\000]}{section.6}% 61
\BOOKMARK [2][-]{subsection.6.9}{\376\377\000T\000w\000o\000-\000S\000A\000T\000\040\000[\0008\0000\0008\0005\0003\000f\000]}{section.6}% 62
\BOOKMARK [2][-]{subsection.6.10}{\376\377\000V\000i\000r\000t\000u\000a\000l\000\040\000T\000r\000e\000e\000\040\000[\0008\0003\000c\0004\000d\000a\000]}{section.6}% 63
\BOOKMARK [2][-]{subsection.6.11}{\376\377\000F\000u\000n\000c\000t\000i\000o\000n\000a\000l\000\040\000G\000r\000a\000p\000h\000\040\000[\000a\0009\000b\0003\000c\000d\000]}{section.6}% 64
\BOOKMARK [1][-]{section.7}{\376\377\000M\000a\000t\000h}{}% 65
\BOOKMARK [2][-]{subsection.7.1}{\376\377\000C\000o\000m\000b\000i\000n\000a\000t\000o\000r\000i\000c}{section.7}% 66
\BOOKMARK [2][-]{subsection.7.2}{\376\377\000D\000i\000s\000c\000r\000e\000t\000e\000\040\000L\000o\000g\000\040\000[\0004\0004\0002\0009\0000\0009\000]}{section.7}% 67
\BOOKMARK [2][-]{subsection.7.3}{\376\377\000D\000i\000v\000\040\000F\000l\000o\000o\000r\000\040\000C\000e\000i\000l}{section.7}% 68
\BOOKMARK [2][-]{subsection.7.4}{\376\377\000e\000x\000C\000R\000T\000\040\000[\000f\000c\000c\000d\0002\000c\000]}{section.7}% 69
\BOOKMARK [2][-]{subsection.7.5}{\376\377\000F\000a\000c\000t\000o\000r\000i\000z\000a\000t\000i\000o\000n\000\040\000[\000c\000d\0009\0005\000b\0009\000]}{section.7}% 70
\BOOKMARK [2][-]{subsection.7.6}{\376\377\000F\000l\000o\000o\000r\000\040\000S\000u\000m\000\040\000[\0009\0002\0004\0006\0000\000c\000]}{section.7}% 71
\BOOKMARK [2][-]{subsection.7.7}{\376\377\000F\000W\000T\000\040\000[\000a\0000\0001\0003\0005\000a\000]}{section.7}% 72
\BOOKMARK [2][-]{subsection.7.8}{\376\377\000G\000a\000u\000s\000s\000\040\000E\000l\000i\000m\000i\000n\000a\000t\000i\000o\000n\000\040\000[\000e\0004\0005\000c\000b\000d\000]}{section.7}% 73
\BOOKMARK [2][-]{subsection.7.9}{\376\377\000L\000a\000g\000r\000a\000n\000g\000e\000\040\000I\000n\000t\000e\000r\000p\000o\000l\000a\000t\000i\000o\000n\000\040\000[\000b\0007\0000\0008\0004\0007\000]}{section.7}% 74
\BOOKMARK [2][-]{subsection.7.10}{\376\377\000L\000i\000n\000e\000a\000r\000\040\000S\000i\000e\000v\000e\000\040\000[\000e\0007\000d\0000\0001\000a\000]}{section.7}% 75
\BOOKMARK [2][-]{subsection.7.11}{\376\377\000L\000u\000c\000a\000s\000\040\000[\0005\000f\000a\000c\000f\0000\000]}{section.7}% 76
\BOOKMARK [2][-]{subsection.7.12}{\376\377\000M\000o\000d\000\040\000I\000n\000t\000\040\000[\0005\000a\0003\000b\0005\000b\000]}{section.7}% 77
\BOOKMARK [2][-]{subsection.7.13}{\376\377\000P\000r\000i\000m\000i\000t\000i\000v\000e\000\040\000R\000o\000o\000t\000\040\000[\000b\000e\000b\000d\0003\0000\000]}{section.7}% 78
\BOOKMARK [2][-]{subsection.7.14}{\376\377\000S\000i\000m\000p\000l\000e\000x\000\040\000[\0002\000e\0007\0001\0008\000d\000]}{section.7}% 79
\BOOKMARK [2][-]{subsection.7.15}{\376\377\000S\000q\000r\000t\000\040\000M\000o\000d\000\040\000[\0004\000e\0004\000b\0002\0003\000]}{section.7}% 80
\BOOKMARK [2][-]{subsection.7.16}{\376\377\000L\000i\000n\000e\000a\000r\000S\000o\000l\000v\000e\000\040\000[\0001\000c\0007\000d\0001\0001\000]}{section.7}% 81
\BOOKMARK [2][-]{subsection.7.17}{\376\377\000P\000i\000C\000o\000u\000n\000t\000\040\000[\000b\0009\000c\000e\0009\0008\000]}{section.7}% 82
\BOOKMARK [2][-]{subsection.7.18}{\376\377\000T\000r\000i\000a\000n\000g\000u\000l\000a\000r}{section.7}% 83
\BOOKMARK [2][-]{subsection.7.19}{\376\377\000M\000o\000d\000M\000i\000n\000\040\000[\0007\0009\0002\0001\0007\000f\000]}{section.7}% 84
\BOOKMARK [2][-]{subsection.7.20}{\376\377\000F\000F\000T\000\040\000[\0004\0007\0004\0005\0006\0006\000]}{section.7}% 85
\BOOKMARK [2][-]{subsection.7.21}{\376\377\000N\000T\000T\000\040\000[\000f\000f\0004\0001\0000\0001\000]}{section.7}% 86
\BOOKMARK [2][-]{subsection.7.22}{\376\377\000N\000T\000T\000\040\000p\000r\000i\000m\000e}{section.7}% 87
\BOOKMARK [2][-]{subsection.7.23}{\376\377\000P\000o\000l\000y\000n\000o\000m\000i\000a\000l}{section.7}% 88
\BOOKMARK [2][-]{subsection.7.24}{\376\377\000T\000h\000e\000o\000r\000e\000m}{section.7}% 89
\BOOKMARK [1][-]{section.8}{\376\377\000S\000t\000r\000i\000n\000g\000o\000l\000o\000g\000y}{}% 90
\BOOKMARK [2][-]{subsection.8.1}{\376\377\000A\000h\000o\000-\000C\000o\000r\000a\000s\000i\000c\000k\000\040\000A\000M\000\040\000[\0001\000f\0003\0000\0000\0003\000]}{section.8}% 91
\BOOKMARK [2][-]{subsection.8.2}{\376\377\000D\000o\000u\000b\000l\000e\000\040\000S\000t\000r\000i\000n\000g\000\040\000[\0001\000c\000d\000b\0003\000b\000]}{section.8}% 92
\BOOKMARK [2][-]{subsection.8.3}{\376\377\000L\000y\000n\000d\000o\000n\000\040\000F\000a\000c\000t\000o\000r\000i\000z\000a\000t\000i\000o\000n\000\040\000[\0008\0002\0002\0008\0000\0007\000]}{section.8}% 93
\BOOKMARK [2][-]{subsection.8.4}{\376\377\000M\000a\000n\000a\000c\000h\000e\000r\000\040\000[\000a\000d\0002\0002\0001\0007\000]}{section.8}% 94
\BOOKMARK [2][-]{subsection.8.5}{\376\377\000S\000A\000-\000I\000S\000\040\000[\0007\0002\000a\0009\0004\0001\000,\000\040\000a\0009\0007\0000\0001\000f\000]}{section.8}% 95
\BOOKMARK [2][-]{subsection.8.6}{\376\377\000S\000u\000f\000f\000i\000x\000\040\000A\000r\000r\000a\000y\000\040\000[\0005\000e\0005\0008\0003\0004\000]}{section.8}% 96
\BOOKMARK [2][-]{subsection.8.7}{\376\377\000Z\000-\000v\000a\000l\000u\000e\000\040\000[\000a\0003\0009\000b\0006\0006\000]}{section.8}% 97
